<?xml version="1.0" encoding="UTF-8"?>
<!-- Generated by org.testng.reporters.JUnitXMLReporter -->
<testsuite ignored="0" hostname="SRINATH-110102" failures="1" tests="1" name="Test" time="0.087" errors="0" timestamp="2025-07-24T10:31:33 IST">
  <testcase classname="com.testNG.ParameterizationClass" name="ParameterMethod" time="0.014">
    <failure type="java.lang.NullPointerException" message="Cannot invoke &amp;quot;org.openqa.selenium.WebDriver.manage()&amp;quot; because &amp;quot;com.testNG.ParameterizationClass.driver&amp;quot; is null">
      <![CDATA[java.lang.NullPointerException: Cannot invoke "org.openqa.selenium.WebDriver.manage()" because "com.testNG.ParameterizationClass.driver" is null
at com.testNG.ParameterizationClass.ParameterMethod(ParameterizationClass.java:17)
at java.base/java.util.ArrayList.forEach(ArrayList.java:1511)
... Removed 27 stack frames]]>
    </failure>
  </testcase> <!-- ParameterMethod -->
</testsuite> <!-- Test -->
